<?xml version="1.0" encoding="UTF-8"?>
<!-- Generated by org.testng.reporters.JUnitReportReporter -->
<testsuite hostname="DESKTOP-9HU6DH7" failures="0" tests="1" name="Spicejet.Spicejet_Test" time="122.756" errors="0" timestamp="2023-03-09T23:45:34 IST" skipped="0">
  <testcase classname="Spicejet.Spicejet_Test" name="verifyRoundTripFlightBooking" time="122.756"/>
  <system-out/>
</testsuite> <!-- Spicejet.Spicejet_Test -->
