<?xml version="1.0" encoding="UTF-8"?>
<!-- Generated by org.testng.reporters.JUnitReportReporter -->
<testsuite hostname="DESKTOP-9HU6DH7" failures="0" tests="2" name="Demo.Wait" time="25.117" errors="0" timestamp="2023-01-16T12:33:54 IST" skipped="1">
  <testcase classname="Demo.Wait" name="gogle" time="25.117"/>
  <system-out/>
  <testcase classname="Demo.Wait" name="a2">
    <skipped/>
  </testcase> <!-- a2 -->
  <system-out/>
</testsuite> <!-- Demo.Wait -->
