<?xml version="1.0" encoding="UTF-8"?>
<!-- Generated by org.testng.reporters.JUnitReportReporter -->
<testsuite hostname="DESKTOP-9HU6DH7" failures="0" tests="4" name="Demo.group" time="0.025" errors="0" timestamp="2023-01-23T17:27:32 IST" skipped="0">
  <testcase classname="Demo.group" name="m1" time="0.015"/>
  <system-out/>
  <testcase classname="Demo.group" name="m2" time="0.003"/>
  <system-out/>
  <testcase classname="Demo.group" name="m3" time="0.003"/>
  <system-out/>
  <testcase classname="Demo.group" name="m4" time="0.004"/>
  <system-out/>
</testsuite> <!-- Demo.group -->
