<?xml version="1.0" encoding="UTF-8"?>
<!-- Generated by org.testng.reporters.JUnitReportReporter -->
<testsuite hostname="DESKTOP-9HU6DH7" failures="0" tests="4" name="Demo.DataProviderClass" time="114.737" errors="0" timestamp="2023-01-24T20:48:38 IST" skipped="0">
  <testcase classname="Demo.DataProviderClass" name="setup" time="25.918"/>
  <system-out/>
  <testcase classname="Demo.DataProviderClass" name="setup" time="24.762"/>
  <system-out/>
  <testcase classname="Demo.DataProviderClass" name="setup" time="40.250"/>
  <system-out/>
  <testcase classname="Demo.DataProviderClass" name="setup" time="23.807"/>
  <system-out/>
</testsuite> <!-- Demo.DataProviderClass -->
