<?xml version="1.0" encoding="UTF-8"?>
<!-- Generated by org.testng.reporters.JUnitReportReporter -->
<testsuite hostname="DESKTOP-9HU6DH7" failures="0" tests="2" name="testNGDemo.AssertClass" time="0.000" errors="0" timestamp="2023-01-08T23:30:50 IST" skipped="2">
  <testcase classname="testNGDemo.AssertClass" name="softAsser" time="0.000">
    <skipped/>
  </testcase> <!-- softAsser -->
  <system-out/>
  <testcase classname="testNGDemo.AssertClass" name="hardAssert" time="0.000">
    <skipped/>
  </testcase> <!-- hardAssert -->
  <system-out/>
</testsuite> <!-- testNGDemo.AssertClass -->
