<?xml version="1.0" encoding="UTF-8"?>
<!-- Generated by org.testng.reporters.JUnitReportReporter -->
<testsuite hostname="DESKTOP-9HU6DH7" failures="0" tests="3" name="Demo.WindowHandle" time="61.953" errors="0" timestamp="2023-02-09T19:16:36 IST" skipped="0">
  <testcase classname="Demo.WindowHandle" name="c" time="12.500"/>
  <system-out/>
  <testcase classname="Demo.WindowHandle" name="a" time="44.989"/>
  <system-out/>
  <testcase classname="Demo.WindowHandle" name="b" time="4.464"/>
  <system-out/>
</testsuite> <!-- Demo.WindowHandle -->
