<?xml version="1.0" encoding="UTF-8"?>
<!-- Generated by org.testng.reporters.JUnitReportReporter -->
<testsuite hostname="DESKTOP-9HU6DH7" failures="0" tests="1" name="Parameterization.Parameterization" time="40.558" errors="0" timestamp="2023-01-05T12:02:44 IST" skipped="0">
  <testcase classname="Parameterization.Parameterization" name="setUp" time="40.558"/>
  <system-out/>
</testsuite> <!-- Parameterization.Parameterization -->
