<?xml version="1.0" encoding="UTF-8"?>
<!-- Generated by org.testng.reporters.JUnitReportReporter -->
<testsuite hostname="DESKTOP-9HU6DH7" failures="0" tests="1" name="testNGDemo.Demo2" time="0.000" errors="0" timestamp="2023-01-08T23:30:50 IST" skipped="1">
  <testcase classname="testNGDemo.Demo2" name="Testcases" time="0.000">
    <skipped/>
  </testcase> <!-- Testcases -->
  <system-out/>
</testsuite> <!-- testNGDemo.Demo2 -->
