<?xml version="1.0" encoding="UTF-8"?>
<!-- Generated by org.testng.reporters.JUnitReportReporter -->
<testsuite hostname="DESKTOP-9HU6DH7" failures="0" tests="5" name="testNGDemo.demo6" time="0.000" errors="0" timestamp="2023-01-08T23:30:50 IST" skipped="5">
  <testcase classname="testNGDemo.demo6" name="Launch" time="0.000">
    <skipped/>
  </testcase> <!-- Launch -->
  <system-out/>
  <testcase classname="testNGDemo.demo6" name="LoginPage" time="0.000">
    <skipped/>
  </testcase> <!-- LoginPage -->
  <system-out/>
  <testcase classname="testNGDemo.demo6" name="LoginPage" time="0.000">
    <skipped/>
  </testcase> <!-- LoginPage -->
  <system-out/>
  <testcase classname="testNGDemo.demo6" name="pimPage" time="0.000">
    <skipped/>
  </testcase> <!-- pimPage -->
  <system-out/>
  <testcase classname="testNGDemo.demo6" name="AdminPage">
    <skipped/>
  </testcase> <!-- AdminPage -->
  <system-out/>
</testsuite> <!-- testNGDemo.demo6 -->
