<?xml version="1.0" encoding="UTF-8"?>
<!-- Generated by org.testng.reporters.JUnitReportReporter -->
<testsuite hostname="DESKTOP-9HU6DH7" failures="0" tests="5" name="testNGDemo.Demo4" time="0.000" errors="0" timestamp="2023-01-08T23:30:50 IST" skipped="5">
  <testcase classname="testNGDemo.Demo4" name="homePage" time="0.000">
    <skipped/>
  </testcase> <!-- homePage -->
  <system-out/>
  <testcase classname="testNGDemo.Demo4" name="loginPage" time="0.000">
    <skipped/>
  </testcase> <!-- loginPage -->
  <system-out/>
  <testcase classname="testNGDemo.Demo4" name="leaveFeature" time="0.000">
    <skipped/>
  </testcase> <!-- leaveFeature -->
  <system-out/>
  <testcase classname="testNGDemo.Demo4" name="leaveFeature" time="0.000">
    <skipped/>
  </testcase> <!-- leaveFeature -->
  <system-out/>
  <testcase classname="testNGDemo.Demo4" name="leavePage" time="0.000">
    <skipped/>
  </testcase> <!-- leavePage -->
  <system-out/>
</testsuite> <!-- testNGDemo.Demo4 -->
