<?xml version="1.0" encoding="UTF-8"?>
<!-- Generated by org.testng.reporters.JUnitReportReporter -->
<testsuite hostname="DESKTOP-9HU6DH7" failures="0" tests="2" name="testNGDemo.Demo1" time="0.001" errors="0" timestamp="2023-01-08T23:30:51 IST" skipped="2">
  <testcase classname="testNGDemo.Demo1" name="home" time="0.001">
    <skipped/>
  </testcase> <!-- home -->
  <system-out/>
  <testcase classname="testNGDemo.Demo1" name="loginAcc" time="0.000">
    <skipped/>
  </testcase> <!-- loginAcc -->
  <system-out/>
</testsuite> <!-- testNGDemo.Demo1 -->
