<?xml version="1.0" encoding="UTF-8"?>
<!-- Generated by org.testng.reporters.JUnitReportReporter -->
<testsuite hostname="DESKTOP-9HU6DH7" failures="0" tests="1" name="BookMyshow.Bookmyshow_Test" time="156.684" errors="0" timestamp="2023-03-10T00:06:08 IST" skipped="0">
  <testcase classname="BookMyshow.Bookmyshow_Test" name="Open" time="156.684"/>
  <system-out/>
</testsuite> <!-- BookMyshow.Bookmyshow_Test -->
