<?xml version="1.0" encoding="UTF-8"?>
<!-- Generated by org.testng.reporters.JUnitReportReporter -->
<testsuite hostname="DESKTOP-9HU6DH7" failures="0" tests="12" name="testNGDemo.Demo7" time="0.001" errors="0" timestamp="2023-01-08T23:30:50 IST" skipped="12">
  <testcase classname="testNGDemo.Demo7" name="userName" time="0.000">
    <skipped/>
  </testcase> <!-- userName -->
  <system-out/>
  <testcase classname="testNGDemo.Demo7" name="userName" time="0.000">
    <skipped/>
  </testcase> <!-- userName -->
  <system-out/>
  <testcase classname="testNGDemo.Demo7" name="userName" time="0.000">
    <skipped/>
  </testcase> <!-- userName -->
  <system-out/>
  <testcase classname="testNGDemo.Demo7" name="passWord" time="0.000">
    <skipped/>
  </testcase> <!-- passWord -->
  <system-out/>
  <testcase classname="testNGDemo.Demo7" name="passWord" time="0.000">
    <skipped/>
  </testcase> <!-- passWord -->
  <system-out/>
  <testcase classname="testNGDemo.Demo7" name="passWord" time="0.000">
    <skipped/>
  </testcase> <!-- passWord -->
  <system-out/>
  <testcase classname="testNGDemo.Demo7" name="designation" time="0.000">
    <skipped/>
  </testcase> <!-- designation -->
  <system-out/>
  <testcase classname="testNGDemo.Demo7" name="designation" time="0.000">
    <skipped/>
  </testcase> <!-- designation -->
  <system-out/>
  <testcase classname="testNGDemo.Demo7" name="designation" time="0.001">
    <skipped/>
  </testcase> <!-- designation -->
  <system-out/>
  <testcase classname="testNGDemo.Demo7" name="empID" time="0.000">
    <skipped/>
  </testcase> <!-- empID -->
  <system-out/>
  <testcase classname="testNGDemo.Demo7" name="empID" time="0.000">
    <skipped/>
  </testcase> <!-- empID -->
  <system-out/>
  <testcase classname="testNGDemo.Demo7" name="empID" time="0.000">
    <skipped/>
  </testcase> <!-- empID -->
  <system-out/>
</testsuite> <!-- testNGDemo.Demo7 -->
